{"C:\\_gits5\\azureTimerFunc\\HttpTrigger\\index.ts": {"path":"C:\\_gits5\\azureTimerFunc\\HttpTrigger\\index.ts","statementMap":{"0":{"start":{"line":2,"column":0},"end":{"line":2,"column":87}},"1":{"start":{"line":4,"column":35},"end":{"line":20,"column":2}},"2":{"start":{"line":5,"column":4},"end":{"line":5,"column":62}},"3":{"start":{"line":6,"column":18},"end":{"line":6,"column":63}},"4":{"start":{"line":7,"column":4},"end":{"line":19,"column":null}},"5":{"start":{"line":8,"column":22},"end":{"line":8,"column":56}},"6":{"start":{"line":9,"column":8},"end":{"line":12,"column":10}},"7":{"start":{"line":15,"column":8},"end":{"line":18,"column":10}},"8":{"start":{"line":22,"column":0},"end":{"line":22,"column":27}}},"fnMap":{"0":{"name":"(anonymous_7)","decl":{"start":{"line":4,"column":35},"end":{"line":4,"column":51}},"loc":{"start":{"line":4,"column":85},"end":{"line":20,"column":2}}}},"branchMap":{"0":{"loc":{"start":{"line":6,"column":18},"end":{"line":6,"column":32}},"type":"binary-expr","locations":[{"start":{"line":6,"column":18},"end":{"line":6,"column":32}},{"start":{"line":6,"column":37},"end":{"line":6,"column":45}},{"start":{"line":6,"column":49},"end":{"line":6,"column":62}}]}},"s":{"0":1,"1":1,"2":1,"3":1,"4":1,"5":1,"6":1,"7":0,"8":1},"f":{"0":1},"b":{"0":[1,1,0]}}
,"C:\\_gits5\\azureTimerFunc\\TimerTrigger\\index.ts": {"path":"C:\\_gits5\\azureTimerFunc\\TimerTrigger\\index.ts","statementMap":{"0":{"start":{"line":2,"column":0},"end":{"line":2,"column":87}},"1":{"start":{"line":3,"column":0},"end":{"line":3,"column":41}},"2":{"start":{"line":4,"column":0},"end":{"line":4,"column":91}},"3":{"start":{"line":6,"column":36},"end":{"line":26,"column":2}},"4":{"start":{"line":7,"column":20},"end":{"line":7,"column":44}},"5":{"start":{"line":9,"column":4},"end":{"line":12,"column":null}},"6":{"start":{"line":11,"column":8},"end":{"line":11,"column":55}},"7":{"start":{"line":13,"column":4},"end":{"line":13,"column":64}},"8":{"start":{"line":16,"column":4},"end":{"line":20,"column":null}},"9":{"start":{"line":17,"column":8},"end":{"line":17,"column":51}},"10":{"start":{"line":19,"column":8},"end":{"line":19,"column":15}},"11":{"start":{"line":21,"column":4},"end":{"line":25,"column":null}},"12":{"start":{"line":22,"column":8},"end":{"line":24,"column":20}},"13":{"start":{"line":23,"column":32},"end":{"line":23,"column":74}},"14":{"start":{"line":28,"column":0},"end":{"line":28,"column":28}}},"fnMap":{"0":{"name":"(anonymous_7)","decl":{"start":{"line":6,"column":36},"end":{"line":6,"column":52}},"loc":{"start":{"line":6,"column":82},"end":{"line":26,"column":2}}},"1":{"name":"(anonymous_9)","decl":{"start":{"line":23,"column":26},"end":{"line":23,"column":29}},"loc":{"start":{"line":23,"column":32},"end":{"line":23,"column":74}}}},"branchMap":{"0":{"loc":{"start":{"line":9,"column":4},"end":{"line":12,"column":null}},"type":"if","locations":[{"start":{"line":9,"column":4},"end":{"line":12,"column":null}},{"start":{"line":9,"column":4},"end":{"line":12,"column":null}}]}},"s":{"0":1,"1":1,"2":1,"3":1,"4":1,"5":1,"6":0,"7":1,"8":1,"9":1,"10":0,"11":0,"12":0,"13":0,"14":1},"f":{"0":1,"1":0},"b":{"0":[0,1]}}
,"C:\\_gits5\\azureTimerFunc\\__TESTS__\\__STUBS__\\DATE_STUBS.ts": {"path":"C:\\_gits5\\azureTimerFunc\\__TESTS__\\__STUBS__\\DATE_STUBS.ts","statementMap":{"0":{"start":{"line":1,"column":0},"end":{"line":1,"column":71}},"1":{"start":{"line":3,"column":23},"end":{"line":3,"column":44}},"2":{"start":{"line":8,"column":4},"end":{"line":8,"column":17}},"3":{"start":{"line":4,"column":40},"end":{"line":4,"column":77}},"4":{"start":{"line":9,"column":4},"end":{"line":9,"column":34}},"5":{"start":{"line":5,"column":35},"end":{"line":5,"column":72}},"6":{"start":{"line":10,"column":4},"end":{"line":10,"column":29}}},"fnMap":{},"branchMap":{},"s":{"0":3,"1":3,"2":3,"3":3,"4":3,"5":3,"6":3},"f":{},"b":{}}
,"C:\\_gits5\\azureTimerFunc\\__TESTS__\\__STUBS__\\DEFAULT_CONTEXT.ts": {"path":"C:\\_gits5\\azureTimerFunc\\__TESTS__\\__STUBS__\\DEFAULT_CONTEXT.ts","statementMap":{"0":{"start":{"line":1,"column":0},"end":{"line":3,"column":2}}},"fnMap":{},"branchMap":{},"s":{"0":2},"f":{},"b":{}}
,"C:\\_gits5\\azureTimerFunc\\__TESTS__\\__STUBS__\\DEFAULT_TIMER.ts": {"path":"C:\\_gits5\\azureTimerFunc\\__TESTS__\\__STUBS__\\DEFAULT_TIMER.ts","statementMap":{"0":{"start":{"line":1,"column":0},"end":{"line":3,"column":2}}},"fnMap":{},"branchMap":{},"s":{"0":1},"f":{},"b":{}}
,"C:\\_gits5\\azureTimerFunc\\src\\Evaluator.ts": {"path":"C:\\_gits5\\azureTimerFunc\\src\\Evaluator.ts","statementMap":{"0":{"start":{"line":1,"column":0},"end":{"line":1,"column":58}},"1":{"start":{"line":6,"column":11},"end":{"line":6,"column":null}},"2":{"start":{"line":7,"column":12},"end":{"line":7,"column":45}},"3":{"start":{"line":10,"column":8},"end":{"line":10,"column":25}},"4":{"start":{"line":14,"column":8},"end":{"line":16,"column":18}},"5":{"start":{"line":20,"column":8},"end":{"line":23,"column":null}},"6":{"start":{"line":21,"column":12},"end":{"line":21,"column":33}},"7":{"start":{"line":22,"column":12},"end":{"line":22,"column":40}},"8":{"start":{"line":24,"column":8},"end":{"line":24,"column":20}},"9":{"start":{"line":33,"column":0},"end":{"line":33,"column":25}}},"fnMap":{"0":{"name":"(anonymous_0)","decl":{"start":{"line":9,"column":4},"end":{"line":9,"column":16}},"loc":{"start":{"line":9,"column":27},"end":{"line":11,"column":5}}},"1":{"name":"(anonymous_1)","decl":{"start":{"line":6,"column":32},"end":{"line":6,"column":35}},"loc":{"start":{"line":6,"column":37},"end":{"line":6,"column":40}}},"2":{"name":"(anonymous_2)","decl":{"start":{"line":13,"column":4},"end":{"line":13,"column":20}},"loc":{"start":{"line":13,"column":30},"end":{"line":17,"column":5}}},"3":{"name":"(anonymous_3)","decl":{"start":{"line":19,"column":12},"end":{"line":19,"column":31}},"loc":{"start":{"line":19,"column":62},"end":{"line":25,"column":5}}}},"branchMap":{"0":{"loc":{"start":{"line":20,"column":8},"end":{"line":23,"column":null}},"type":"if","locations":[{"start":{"line":20,"column":8},"end":{"line":23,"column":null}},{"start":{"line":20,"column":8},"end":{"line":23,"column":null}}]},"1":{"loc":{"start":{"line":20,"column":12},"end":{"line":20,"column":33}},"type":"binary-expr","locations":[{"start":{"line":20,"column":12},"end":{"line":20,"column":33}},{"start":{"line":20,"column":37},"end":{"line":20,"column":47}}]}},"s":{"0":2,"1":4,"2":4,"3":4,"4":4,"5":4,"6":2,"7":2,"8":4,"9":2},"f":{"0":4,"1":2,"2":4,"3":4},"b":{"0":[2,2],"1":[4,4]}}
,"C:\\_gits5\\azureTimerFunc\\src\\mssqlDate.ts": {"path":"C:\\_gits5\\azureTimerFunc\\src\\mssqlDate.ts","statementMap":{"0":{"start":{"line":1,"column":13},"end":{"line":1,"column":30}},"1":{"start":{"line":2,"column":0},"end":{"line":2,"column":18}},"2":{"start":{"line":5,"column":4},"end":{"line":5,"column":52}},"3":{"start":{"line":9,"column":4},"end":{"line":9,"column":36}},"4":{"start":{"line":26,"column":4},"end":{"line":26,"column":13}},"5":{"start":{"line":13,"column":4},"end":{"line":13,"column":59}},"6":{"start":{"line":28,"column":4},"end":{"line":28,"column":25}},"7":{"start":{"line":17,"column":17},"end":{"line":17,"column":62}},"8":{"start":{"line":18,"column":4},"end":{"line":18,"column":31}},"9":{"start":{"line":27,"column":4},"end":{"line":27,"column":31}},"10":{"start":{"line":22,"column":4},"end":{"line":22,"column":39}},"11":{"start":{"line":29,"column":4},"end":{"line":29,"column":10}}},"fnMap":{"0":{"name":"dateFormat","decl":{"start":{"line":4,"column":9},"end":{"line":4,"column":19}},"loc":{"start":{"line":4,"column":37},"end":{"line":6,"column":1}}},"1":{"name":"mssqlDate","decl":{"start":{"line":8,"column":9},"end":{"line":8,"column":18}},"loc":{"start":{"line":8,"column":30},"end":{"line":10,"column":1}}},"2":{"name":"mssqlDateSubtractDays","decl":{"start":{"line":12,"column":9},"end":{"line":12,"column":30}},"loc":{"start":{"line":12,"column":48},"end":{"line":14,"column":1}}},"3":{"name":"mssqlDateNowIsOneMonthAfter","decl":{"start":{"line":16,"column":9},"end":{"line":16,"column":36}},"loc":{"start":{"line":16,"column":47},"end":{"line":19,"column":1}}},"4":{"name":"getUTC","decl":{"start":{"line":21,"column":9},"end":{"line":21,"column":15}},"loc":{"start":{"line":21,"column":27},"end":{"line":23,"column":1}}}},"branchMap":{},"s":{"0":4,"1":4,"2":9,"3":3,"4":4,"5":6,"6":4,"7":4,"8":4,"9":4,"10":2,"11":4},"f":{"0":9,"1":3,"2":6,"3":4,"4":2},"b":{}}
,"C:\\_gits5\\azureTimerFunc\\src\\SQL\\SQL_REFERENCES.ts": {"path":"C:\\_gits5\\azureTimerFunc\\src\\SQL\\SQL_REFERENCES.ts","statementMap":{"0":{"start":{"line":1,"column":20},"end":{"line":3,"column":null}},"1":{"start":{"line":19,"column":4},"end":{"line":19,"column":15}},"2":{"start":{"line":5,"column":23},"end":{"line":9,"column":null}},"3":{"start":{"line":18,"column":4},"end":{"line":18,"column":18}},"4":{"start":{"line":11,"column":27},"end":{"line":15,"column":null}},"5":{"start":{"line":20,"column":4},"end":{"line":20,"column":22}}},"fnMap":{},"branchMap":{},"s":{"0":4,"1":4,"2":4,"3":4,"4":4,"5":4},"f":{},"b":{}}
,"C:\\_gits5\\azureTimerFunc\\src\\SQL\\db_setup.ts": {"path":"C:\\_gits5\\azureTimerFunc\\src\\SQL\\db_setup.ts","statementMap":{"0":{"start":{"line":1,"column":0},"end":{"line":1,"column":65}},"1":{"start":{"line":2,"column":0},"end":{"line":2,"column":69}},"2":{"start":{"line":3,"column":0},"end":{"line":3,"column":69}},"3":{"start":{"line":4,"column":0},"end":{"line":4,"column":47}},"4":{"start":{"line":6,"column":12},"end":{"line":6,"column":28}},"5":{"start":{"line":7,"column":0},"end":{"line":7,"column":27}},"6":{"start":{"line":9,"column":22},"end":{"line":11,"column":2}},"7":{"start":{"line":13,"column":25},"end":{"line":21,"column":2}},"8":{"start":{"line":23,"column":16},"end":{"line":38,"column":2}},"9":{"start":{"line":40,"column":36},"end":{"line":49,"column":4}},"10":{"start":{"line":40,"column":48},"end":{"line":49,"column":2}},"11":{"start":{"line":42,"column":4},"end":{"line":48,"column":null}},"12":{"start":{"line":44,"column":8},"end":{"line":44,"column":35}},"13":{"start":{"line":45,"column":8},"end":{"line":45,"column":19}},"14":{"start":{"line":47,"column":8},"end":{"line":47,"column":18}},"15":{"start":{"line":52,"column":4},"end":{"line":57,"column":null}},"16":{"start":{"line":53,"column":20},"end":{"line":53,"column":38}},"17":{"start":{"line":54,"column":8},"end":{"line":54,"column":null}},"18":{"start":{"line":56,"column":8},"end":{"line":56,"column":18}},"19":{"start":{"line":75,"column":4},"end":{"line":75,"column":19}},"20":{"start":{"line":61,"column":4},"end":{"line":70,"column":null}},"21":{"start":{"line":62,"column":24},"end":{"line":62,"column":47}},"22":{"start":{"line":63,"column":8},"end":{"line":63,"column":43}},"23":{"start":{"line":64,"column":8},"end":{"line":64,"column":46}},"24":{"start":{"line":65,"column":8},"end":{"line":65,"column":43}},"25":{"start":{"line":66,"column":8},"end":{"line":66,"column":45}},"26":{"start":{"line":67,"column":8},"end":{"line":67,"column":45}},"27":{"start":{"line":69,"column":8},"end":{"line":69,"column":18}},"28":{"start":{"line":74,"column":4},"end":{"line":74,"column":14}}},"fnMap":{"0":{"name":"(anonymous_7)","decl":{"start":{"line":40,"column":37},"end":{"line":40,"column":46}},"loc":{"start":{"line":40,"column":48},"end":{"line":49,"column":2}}},"1":{"name":"(anonymous_8)","decl":{"start":{"line":40,"column":48},"end":{"line":40,"column":null}},"loc":{"start":{"line":40,"column":48},"end":{"line":49,"column":1}}},"2":{"name":"generateRequest","decl":{"start":{"line":51,"column":15},"end":{"line":51,"column":30}},"loc":{"start":{"line":51,"column":30},"end":{"line":58,"column":null}}},"3":{"name":"setupTable","decl":{"start":{"line":60,"column":15},"end":{"line":60,"column":25}},"loc":{"start":{"line":60,"column":25},"end":{"line":71,"column":null}}}},"branchMap":{},"s":{"0":4,"1":4,"2":4,"3":4,"4":4,"5":4,"6":4,"7":4,"8":4,"9":4,"10":4,"11":4,"12":4,"13":4,"14":0,"15":30,"16":30,"17":30,"18":0,"19":4,"20":8,"21":8,"22":8,"23":8,"24":8,"25":8,"26":8,"27":0,"28":4},"f":{"0":4,"1":4,"2":30,"3":8},"b":{}}
,"C:\\_gits5\\azureTimerFunc\\src\\SQL\\PROCEDURES\\PROCEDURE_DELETE_USER.ts": {"path":"C:\\_gits5\\azureTimerFunc\\src\\SQL\\PROCEDURES\\PROCEDURE_DELETE_USER.ts","statementMap":{"0":{"start":{"line":2,"column":12},"end":{"line":2,"column":28}},"1":{"start":{"line":3,"column":0},"end":{"line":3,"column":84}},"2":{"start":{"line":4,"column":0},"end":{"line":4,"column":46}},"3":{"start":{"line":6,"column":24},"end":{"line":25,"column":2}},"4":{"start":{"line":45,"column":4},"end":{"line":45,"column":19}},"5":{"start":{"line":28,"column":4},"end":{"line":39,"column":null}},"6":{"start":{"line":29,"column":24},"end":{"line":29,"column":47}},"7":{"start":{"line":30,"column":8},"end":{"line":32,"column":49}},"8":{"start":{"line":35,"column":8},"end":{"line":38,"column":null}},"9":{"start":{"line":44,"column":4},"end":{"line":44,"column":32}}},"fnMap":{"0":{"name":"STORED_PROCEDURE_DELETE_USER","decl":{"start":{"line":27,"column":15},"end":{"line":27,"column":43}},"loc":{"start":{"line":27,"column":60},"end":{"line":40,"column":null}}}},"branchMap":{},"s":{"0":4,"1":4,"2":4,"3":4,"4":4,"5":3,"6":3,"7":3,"8":0,"9":4},"f":{"0":3},"b":{}}
,"C:\\_gits5\\azureTimerFunc\\src\\SQL\\PROCEDURES\\PROCEDURE_GET_USERS.ts": {"path":"C:\\_gits5\\azureTimerFunc\\src\\SQL\\PROCEDURES\\PROCEDURE_GET_USERS.ts","statementMap":{"0":{"start":{"line":2,"column":12},"end":{"line":2,"column":28}},"1":{"start":{"line":3,"column":0},"end":{"line":3,"column":64}},"2":{"start":{"line":4,"column":0},"end":{"line":4,"column":46}},"3":{"start":{"line":6,"column":22},"end":{"line":21,"column":2}},"4":{"start":{"line":57,"column":4},"end":{"line":57,"column":17}},"5":{"start":{"line":23,"column":27},"end":{"line":26,"column":null}},"6":{"start":{"line":29,"column":4},"end":{"line":46,"column":null}},"7":{"start":{"line":30,"column":24},"end":{"line":30,"column":47}},"8":{"start":{"line":31,"column":23},"end":{"line":32,"column":46}},"9":{"start":{"line":34,"column":8},"end":{"line":36,"column":null}},"10":{"start":{"line":35,"column":12},"end":{"line":35,"column":37}},"11":{"start":{"line":37,"column":8},"end":{"line":37,"column":32}},"12":{"start":{"line":39,"column":8},"end":{"line":41,"column":null}},"13":{"start":{"line":40,"column":12},"end":{"line":40,"column":22}},"14":{"start":{"line":42,"column":8},"end":{"line":45,"column":null}},"15":{"start":{"line":56,"column":4},"end":{"line":56,"column":30}}},"fnMap":{"0":{"name":"STORED_PROCEDURE_GET_USERS","decl":{"start":{"line":28,"column":15},"end":{"line":28,"column":41}},"loc":{"start":{"line":28,"column":41},"end":{"line":47,"column":null}}}},"branchMap":{"0":{"loc":{"start":{"line":34,"column":8},"end":{"line":36,"column":null}},"type":"if","locations":[{"start":{"line":34,"column":8},"end":{"line":36,"column":null}},{"start":{"line":34,"column":8},"end":{"line":36,"column":null}}]},"1":{"loc":{"start":{"line":34,"column":12},"end":{"line":34,"column":42}},"type":"binary-expr","locations":[{"start":{"line":34,"column":12},"end":{"line":34,"column":42}},{"start":{"line":34,"column":46},"end":{"line":34,"column":74}}]},"2":{"loc":{"start":{"line":39,"column":8},"end":{"line":41,"column":null}},"type":"if","locations":[{"start":{"line":39,"column":8},"end":{"line":41,"column":null}},{"start":{"line":39,"column":8},"end":{"line":41,"column":null}}]}},"s":{"0":4,"1":4,"2":4,"3":4,"4":4,"5":4,"6":10,"7":10,"8":10,"9":9,"10":2,"11":7,"12":2,"13":2,"14":0,"15":4},"f":{"0":10},"b":{"0":[2,7],"1":[9,9],"2":[2,0]}}
,"C:\\_gits5\\azureTimerFunc\\src\\SQL\\PROCEDURES\\PROCEDURE_INSERT_USER.ts": {"path":"C:\\_gits5\\azureTimerFunc\\src\\SQL\\PROCEDURES\\PROCEDURE_INSERT_USER.ts","statementMap":{"0":{"start":{"line":2,"column":12},"end":{"line":2,"column":28}},"1":{"start":{"line":3,"column":0},"end":{"line":3,"column":84}},"2":{"start":{"line":4,"column":0},"end":{"line":4,"column":46}},"3":{"start":{"line":7,"column":24},"end":{"line":30,"column":2}},"4":{"start":{"line":51,"column":4},"end":{"line":51,"column":19}},"5":{"start":{"line":33,"column":4},"end":{"line":46,"column":null}},"6":{"start":{"line":34,"column":24},"end":{"line":34,"column":47}},"7":{"start":{"line":35,"column":8},"end":{"line":38,"column":49}},"8":{"start":{"line":41,"column":8},"end":{"line":44,"column":null}},"9":{"start":{"line":50,"column":4},"end":{"line":50,"column":32}}},"fnMap":{"0":{"name":"STORED_PROCEDURE_INSERT_USER","decl":{"start":{"line":32,"column":15},"end":{"line":32,"column":43}},"loc":{"start":{"line":32,"column":118},"end":{"line":47,"column":null}}}},"branchMap":{},"s":{"0":4,"1":4,"2":4,"3":4,"4":4,"5":9,"6":9,"7":9,"8":0,"9":4},"f":{"0":9},"b":{}}
}
