TN:
SF:HttpTrigger\index.ts
FN:4,(anonymous_7)
FNF:1
FNH:1
FNDA:1,(anonymous_7)
DA:2,1
DA:4,1
DA:5,1
DA:6,1
DA:7,1
DA:8,1
DA:9,1
DA:15,0
DA:22,1
LF:9
LH:8
BRDA:6,0,0,1
BRDA:6,0,1,0
BRDA:6,0,2,0
BRF:3
BRH:1
end_of_record
TN:
SF:TimerTrigger\index.ts
FN:6,(anonymous_7)
FN:23,(anonymous_9)
FNF:2
FNH:1
FNDA:1,(anonymous_7)
FNDA:0,(anonymous_9)
DA:2,1
DA:3,1
DA:4,1
DA:6,1
DA:7,1
DA:9,1
DA:11,0
DA:13,1
DA:16,1
DA:17,1
DA:19,0
DA:21,0
DA:22,0
DA:23,0
DA:28,1
LF:15
LH:10
BRDA:9,0,0,0
BRDA:9,0,1,1
BRF:2
BRH:1
end_of_record
TN:
SF:__TESTS__\__STUBS__\DATE_STUBS.ts
FNF:0
FNH:0
DA:1,3
DA:3,3
DA:4,3
DA:5,3
DA:8,3
DA:9,3
DA:10,3
LF:7
LH:7
BRF:0
BRH:0
end_of_record
TN:
SF:__TESTS__\__STUBS__\DEFAULT_CONTEXT.ts
FNF:0
FNH:0
DA:1,2
LF:1
LH:1
BRF:0
BRH:0
end_of_record
TN:
SF:__TESTS__\__STUBS__\DEFAULT_TIMER.ts
FNF:0
FNH:0
DA:1,1
LF:1
LH:1
BRF:0
BRH:0
end_of_record
TN:
SF:src\Evaluator.ts
FN:9,(anonymous_0)
FN:6,(anonymous_1)
FN:13,(anonymous_2)
FN:19,(anonymous_3)
FNF:4
FNH:4
FNDA:4,(anonymous_0)
FNDA:2,(anonymous_1)
FNDA:4,(anonymous_2)
FNDA:4,(anonymous_3)
DA:1,2
DA:6,4
DA:7,4
DA:10,4
DA:14,4
DA:20,4
DA:21,2
DA:22,2
DA:24,4
DA:33,2
LF:10
LH:10
BRDA:20,0,0,2
BRDA:20,0,1,2
BRDA:20,1,0,4
BRDA:20,1,1,4
BRF:4
BRH:4
end_of_record
TN:
SF:src\mssqlDate.ts
FN:4,dateFormat
FN:8,mssqlDate
FN:12,mssqlDateSubtractDays
FN:16,mssqlDateNowIsOneMonthAfter
FN:21,getUTC
FNF:5
FNH:5
FNDA:9,dateFormat
FNDA:3,mssqlDate
FNDA:6,mssqlDateSubtractDays
FNDA:4,mssqlDateNowIsOneMonthAfter
FNDA:2,getUTC
DA:1,4
DA:2,4
DA:5,9
DA:9,3
DA:13,6
DA:17,4
DA:18,4
DA:22,2
DA:26,4
DA:27,4
DA:28,4
DA:29,4
LF:12
LH:12
BRF:0
BRH:0
end_of_record
TN:
SF:src\SQL\SQL_REFERENCES.ts
FNF:0
FNH:0
DA:1,4
DA:5,4
DA:11,4
DA:18,4
DA:19,4
DA:20,4
LF:6
LH:6
BRF:0
BRH:0
end_of_record
TN:
SF:src\SQL\db_setup.ts
FN:40,(anonymous_7)
FN:40,(anonymous_8)
FN:51,generateRequest
FN:60,setupTable
FNF:4
FNH:4
FNDA:4,(anonymous_7)
FNDA:4,(anonymous_8)
FNDA:30,generateRequest
FNDA:8,setupTable
DA:1,4
DA:2,4
DA:3,4
DA:4,4
DA:6,4
DA:7,4
DA:9,4
DA:13,4
DA:23,4
DA:40,4
DA:42,4
DA:44,4
DA:45,4
DA:47,0
DA:52,30
DA:53,30
DA:54,30
DA:56,0
DA:61,8
DA:62,8
DA:63,8
DA:64,8
DA:65,8
DA:66,8
DA:67,8
DA:69,0
DA:74,4
DA:75,4
LF:28
LH:25
BRF:0
BRH:0
end_of_record
TN:
SF:src\SQL\PROCEDURES\PROCEDURE_DELETE_USER.ts
FN:27,STORED_PROCEDURE_DELETE_USER
FNF:1
FNH:1
FNDA:3,STORED_PROCEDURE_DELETE_USER
DA:2,4
DA:3,4
DA:4,4
DA:6,4
DA:28,3
DA:29,3
DA:30,3
DA:35,0
DA:44,4
DA:45,4
LF:10
LH:9
BRF:0
BRH:0
end_of_record
TN:
SF:src\SQL\PROCEDURES\PROCEDURE_GET_USERS.ts
FN:28,STORED_PROCEDURE_GET_USERS
FNF:1
FNH:1
FNDA:10,STORED_PROCEDURE_GET_USERS
DA:2,4
DA:3,4
DA:4,4
DA:6,4
DA:23,4
DA:29,10
DA:30,10
DA:31,10
DA:34,9
DA:35,2
DA:37,7
DA:39,2
DA:40,2
DA:42,0
DA:56,4
DA:57,4
LF:16
LH:15
BRDA:34,0,0,2
BRDA:34,0,1,7
BRDA:34,1,0,9
BRDA:34,1,1,9
BRDA:39,2,0,2
BRDA:39,2,1,0
BRF:6
BRH:5
end_of_record
TN:
SF:src\SQL\PROCEDURES\PROCEDURE_INSERT_USER.ts
FN:32,STORED_PROCEDURE_INSERT_USER
FNF:1
FNH:1
FNDA:9,STORED_PROCEDURE_INSERT_USER
DA:2,4
DA:3,4
DA:4,4
DA:7,4
DA:33,9
DA:34,9
DA:35,9
DA:41,0
DA:50,4
DA:51,4
LF:10
LH:9
BRF:0
BRH:0
end_of_record
