TN:
SF:HttpTrigger\index.ts
FN:4,(anonymous_7)
FNF:1
FNH:1
FNDA:1,(anonymous_7)
DA:2,1
DA:4,1
DA:5,1
DA:6,1
DA:7,1
DA:8,0
DA:9,0
DA:15,0
DA:22,1
LF:9
LH:6
BRDA:6,0,0,1
BRDA:6,0,1,0
BRDA:6,0,2,0
BRDA:8,1,0,0
BRDA:8,1,1,0
BRF:5
BRH:1
end_of_record
TN:
SF:__TESTS__\__STUBS__\DATE_NOW_STUB.ts
FNF:0
FNH:0
DA:1,2
DA:3,2
DA:5,2
DA:7,2
DA:10,2
DA:11,2
DA:12,2
LF:7
LH:7
BRF:0
BRH:0
end_of_record
TN:
SF:__TESTS__\__STUBS__\DEFAULT_CONTEXT.ts
FNF:0
FNH:0
DA:1,1
LF:1
LH:1
BRF:0
BRH:0
end_of_record
TN:
SF:src\Evaluator.ts
FN:9,(anonymous_0)
FN:6,(anonymous_1)
FN:13,(anonymous_2)
FN:19,(anonymous_3)
FNF:4
FNH:4
FNDA:3,(anonymous_0)
FNDA:2,(anonymous_1)
FNDA:3,(anonymous_2)
FNDA:3,(anonymous_3)
DA:1,1
DA:6,3
DA:7,3
DA:10,3
DA:14,3
DA:20,3
DA:21,1
DA:22,1
DA:24,3
DA:33,1
LF:10
LH:10
BRDA:20,0,0,1
BRDA:20,0,1,2
BRDA:20,1,0,3
BRDA:20,1,1,3
BRF:4
BRH:4
end_of_record
TN:
SF:src\mssqlDate.ts
FN:4,dateFormat
FN:8,mssqlDate
FN:12,mssqlDateSubtractDays
FN:16,mssqlDateNowIsOneMonthAfter
FN:21,getUTC
FNF:5
FNH:5
FNDA:6,dateFormat
FNDA:2,mssqlDate
FNDA:4,mssqlDateSubtractDays
FNDA:3,mssqlDateNowIsOneMonthAfter
FNDA:2,getUTC
DA:1,2
DA:2,2
DA:5,6
DA:9,2
DA:13,4
DA:17,3
DA:18,3
DA:22,2
DA:26,2
DA:27,2
DA:28,2
DA:29,2
LF:12
LH:12
BRF:0
BRH:0
end_of_record
TN:
SF:src\SQL\SQL_REFERENCES.ts
FNF:0
FNH:0
DA:2,3
DA:6,3
DA:12,3
DA:21,3
DA:22,3
DA:23,3
LF:6
LH:6
BRF:0
BRH:0
end_of_record
TN:
SF:src\SQL\db_setup.ts
FN:27,(anonymous_7)
FN:27,(anonymous_8)
FN:38,generateRequest
FN:47,setupTable
FNF:4
FNH:4
FNDA:3,(anonymous_7)
FNDA:3,(anonymous_8)
FNDA:19,generateRequest
FNDA:5,setupTable
DA:2,3
DA:3,3
DA:4,3
DA:5,3
DA:7,3
DA:9,3
DA:11,3
DA:27,3
DA:29,3
DA:31,3
DA:32,3
DA:34,0
DA:39,19
DA:40,19
DA:41,19
DA:43,0
DA:48,5
DA:49,5
DA:50,5
DA:51,5
DA:52,5
DA:53,5
DA:54,5
DA:56,0
DA:61,3
DA:62,3
LF:26
LH:23
BRF:0
BRH:0
end_of_record
TN:
SF:src\SQL\PROCEDURES\PROCEDURE_DELETE_USER.ts
FN:27,STORED_PROCEDURE_DELETE_USER
FNF:1
FNH:1
FNDA:1,STORED_PROCEDURE_DELETE_USER
DA:2,3
DA:3,3
DA:4,3
DA:6,3
DA:28,1
DA:29,1
DA:30,1
DA:35,0
DA:44,3
DA:45,3
LF:10
LH:9
BRF:0
BRH:0
end_of_record
TN:
SF:src\SQL\PROCEDURES\PROCEDURE_GET_USERS.ts
FN:28,STORED_PROCEDURE_GET_USERS
FNF:1
FNH:1
FNDA:8,STORED_PROCEDURE_GET_USERS
DA:2,3
DA:3,3
DA:4,3
DA:6,3
DA:23,3
DA:29,8
DA:30,8
DA:31,8
DA:34,8
DA:35,2
DA:37,6
DA:39,2
DA:40,2
DA:42,0
DA:56,3
DA:57,3
LF:16
LH:15
BRDA:34,0,0,2
BRDA:34,0,1,6
BRDA:34,1,0,8
BRDA:34,1,1,8
BRDA:39,2,0,2
BRDA:39,2,1,0
BRF:6
BRH:5
end_of_record
TN:
SF:src\SQL\PROCEDURES\PROCEDURE_INSERT_USER.ts
FN:32,STORED_PROCEDURE_INSERT_USER
FNF:1
FNH:1
FNDA:5,STORED_PROCEDURE_INSERT_USER
DA:2,3
DA:3,3
DA:4,3
DA:7,3
DA:33,5
DA:34,5
DA:35,5
DA:41,0
DA:50,3
DA:51,3
LF:10
LH:9
BRF:0
BRH:0
end_of_record
TN:
SF:src\SQL\QUERIES\setupUsers.ts
FNF:0
FNH:0
DA:1,3
DA:3,3
DA:7,3
DA:19,3
DA:20,3
LF:5
LH:5
BRF:0
BRH:0
end_of_record
